Release 14.2 - xst P.28xd (nt64)
Copyright (c) 1995-2012 Xilinx, Inc.  All rights reserved.
--> Parameter TMPDIR set to xst/projnav.tmp


Total REAL time to Xst completion: 0.00 secs
Total CPU time to Xst completion: 0.11 secs
 
--> Parameter xsthdpdir set to xst


Total REAL time to Xst completion: 0.00 secs
Total CPU time to Xst completion: 0.11 secs
 
--> Reading design: mMIPS_sim.prj

TABLE OF CONTENTS
  1) Synthesis Options Summary
  2) HDL Parsing
  3) HDL Elaboration
  4) HDL Synthesis
       4.1) HDL Synthesis Report
  5) Advanced HDL Synthesis
       5.1) Advanced HDL Synthesis Report
  6) Low Level Synthesis
  7) Partition Report
  8) Design Summary
       8.1) Primitive and Black Box Usage
       8.2) Device utilization summary
       8.3) Partition Resource Summary
       8.4) Timing Report
            8.4.1) Clock Information
            8.4.2) Asynchronous Control Signals Information
            8.4.3) Timing Summary
            8.4.4) Timing Details
            8.4.5) Cross Clock Domains Report


=========================================================================
*                      Synthesis Options Summary                        *
=========================================================================
---- Source Parameters
Input File Name                    : "mMIPS_sim.prj"
Ignore Synthesis Constraint File   : NO

---- Target Parameters
Output File Name                   : "mMIPS_sim"
Output Format                      : NGC
Target Device                      : xc6slx45t-3-csg324

---- Source Options
Top Module Name                    : mMIPS_sim
Automatic FSM Extraction           : YES
FSM Encoding Algorithm             : Auto
Safe Implementation                : No
FSM Style                          : LUT
RAM Extraction                     : Yes
RAM Style                          : Auto
ROM Extraction                     : Yes
Shift Register Extraction          : YES
ROM Style                          : Auto
Resource Sharing                   : YES
Asynchronous To Synchronous        : NO
Shift Register Minimum Size        : 2
Use DSP Block                      : Auto
Automatic Register Balancing       : No

---- Target Options
LUT Combining                      : Auto
Reduce Control Sets                : Auto
Add IO Buffers                     : YES
Global Maximum Fanout              : 100000
Add Generic Clock Buffer(BUFG)     : 16
Register Duplication               : YES
Optimize Instantiated Primitives   : NO
Use Clock Enable                   : Auto
Use Synchronous Set                : Auto
Use Synchronous Reset              : Auto
Pack IO Registers into IOBs        : Auto
Equivalent register Removal        : YES

---- General Options
Optimization Goal                  : Speed
Optimization Effort                : 1
Power Reduction                    : NO
Keep Hierarchy                     : No
Netlist Hierarchy                  : As_Optimized
RTL Output                         : Yes
Global Optimization                : AllClockNets
Read Cores                         : YES
Write Timing Constraints           : NO
Cross Clock Analysis               : NO
Hierarchy Separator                : /
Bus Delimiter                      : <>
Case Specifier                     : Maintain
Slice Utilization Ratio            : 100
BRAM Utilization Ratio             : 100
DSP48 Utilization Ratio            : 100
Auto BRAM Packing                  : NO
Slice Utilization Ratio Delta      : 5

=========================================================================


=========================================================================
*                          HDL Parsing                                  *
=========================================================================
Analyzing Verilog file "D:\Computation-2\Work_Folder_Mips\mMips\mmips_6\verilog\signextend.v" into library work
Parsing module <SIGNEXTEND_BYTE>.
Analyzing Verilog file "D:\Computation-2\Work_Folder_Mips\mMips\mmips_6\verilog\shift.v" into library work
Parsing module <SHIFTLEFT>.
Analyzing Verilog file "D:\Computation-2\Work_Folder_Mips\mMips\mmips_6\verilog\register.v" into library work
Parsing verilog file "D:\Computation-2\Work_Folder_Mips\mMips\mmips_6\verilog\/mmips_defines.v" included at line 18.
Parsing module <REGISTER>.
Analyzing Verilog file "D:\Computation-2\Work_Folder_Mips\mMips\mmips_6\verilog\regfile16.v" into library work
Parsing verilog file "D:\Computation-2\Work_Folder_Mips\mMips\mmips_6\verilog\/mmips_defines.v" included at line 19.
Parsing module <REGFILE16>.
WARNING:HDLCompiler:991 - "D:\Computation-2\Work_Folder_Mips\mMips\mmips_6\verilog\regfile16.v" Line 61: Event expressions must result in a singular type
WARNING:HDLCompiler:991 - "D:\Computation-2\Work_Folder_Mips\mMips\mmips_6\verilog\regfile16.v" Line 63: Event expressions must result in a singular type
Analyzing Verilog file "D:\Computation-2\Work_Folder_Mips\mMips\mmips_6\verilog\mux.v" into library work
Parsing verilog file "D:\Computation-2\Work_Folder_Mips\mMips\mmips_6\verilog\/mmips_defines.v" included at line 19.
Parsing module <MUX2>.
Parsing module <MUX3>.
Parsing module <MUX4>.
Analyzing Verilog file "D:\Computation-2\Work_Folder_Mips\mMips\mmips_6\verilog\memdev.v" into library work
Parsing module <MEMDEV>.
Analyzing Verilog file "D:\Computation-2\Work_Folder_Mips\mMips\mmips_6\verilog\imm2word.v" into library work
Parsing module <IMM2WORD>.
Analyzing Verilog file "D:\Computation-2\Work_Folder_Mips\mMips\mmips_6\verilog\hazard_ctrl.v" into library work
Parsing module <HAZARD_CTRL>.
Analyzing Verilog file "D:\Computation-2\Work_Folder_Mips\mMips\mmips_6\verilog\hazard.v" into library work
Parsing module <HAZARD>.
Analyzing Verilog file "D:\Computation-2\Work_Folder_Mips\mMips\mmips_6\verilog\decoder.v" into library work
Parsing module <DECODER>.
Analyzing Verilog file "D:\Computation-2\Work_Folder_Mips\mMips\mmips_6\verilog\ctrl.v" into library work
Parsing module <CTRL>.
Analyzing Verilog file "D:\Computation-2\Work_Folder_Mips\mMips\mmips_6\verilog\branch_ctrl.v" into library work
Parsing module <BRANCH_CTRL>.
Analyzing Verilog file "D:\Computation-2\Work_Folder_Mips\mMips\mmips_6\verilog\aluctrl.v" into library work
Parsing module <ALUCTRL>.
Analyzing Verilog file "D:\Computation-2\Work_Folder_Mips\mMips\mmips_6\verilog\alu.v" into library work
Parsing module <ALU>.
Analyzing Verilog file "D:\Computation-2\Work_Folder_Mips\mMips\mmips_6\verilog\add.v" into library work
Parsing module <ADD>.
Analyzing Verilog file "D:\Computation-2\Work_Folder_Mips\mMips\mmips_6\verilog\rom.v" into library work
Parsing verilog file "D:\Computation-2\Work_Folder_Mips\mMips\mmips_6\verilog\/mmips_defines.v" included at line 19.
Parsing module <rom>.
WARNING:HDLCompiler:991 - "D:\Computation-2\Work_Folder_Mips\mMips\mmips_6\verilog\rom.v" Line 114: Event expressions must result in a singular type
Analyzing Verilog file "D:\Computation-2\Work_Folder_Mips\mMips\mmips_6\verilog\ram.v" into library work
Parsing verilog file "D:\Computation-2\Work_Folder_Mips\mMips\mmips_6\verilog\/mmips_defines.v" included at line 19.
Parsing module <ram>.
WARNING:HDLCompiler:991 - "D:\Computation-2\Work_Folder_Mips\mMips\mmips_6\verilog\ram.v" Line 172: Event expressions must result in a singular type
Analyzing Verilog file "D:\Computation-2\Work_Folder_Mips\mMips\mmips_6\verilog\mmips.v" into library work
Parsing verilog file "D:\Computation-2\Work_Folder_Mips\mMips\mmips_6\verilog\/mmips_defines.v" included at line 18.
Parsing module <mMIPS>.
Analyzing Verilog file "D:\Computation-2\Work_Folder_Mips\mMips\mmips_6\verilog\mMIPS_sim.v" into library work
Parsing verilog file "D:\Computation-2\Work_Folder_Mips\mMips\mmips_6\verilog\/mmips_defines.v" included at line 20.
Parsing module <mMIPS_sim>.

=========================================================================
*                            HDL Elaboration                            *
=========================================================================

Elaborating module <mMIPS_sim>.

Elaborating module <mMIPS>.

Elaborating module <MUX2>.

Elaborating module <MUX3(WIDTH=32)>.

Elaborating module <MUX3(WIDTH=5)>.

Elaborating module <MUX4(WIDTH=32)>.

Elaborating module <DECODER>.

Elaborating module <CTRL>.
WARNING:HDLCompiler:1127 - "D:\Computation-2\Work_Folder_Mips\mMips\mmips_6\verilog\mmips.v" Line 288: Assignment to bus_ctrl_c1 ignored, since the identifier is never used

Elaborating module <SHIFTLEFT>.

Elaborating module <SIGNEXTEND_BYTE>.

Elaborating module <IMM2WORD>.

Elaborating module <ALUCTRL>.

Elaborating module <ALU>.
"D:\Computation-2\Work_Folder_Mips\mMips\mmips_6\verilog\alu.v" Line 133. $display Clip control hardware
"D:\Computation-2\Work_Folder_Mips\mMips\mmips_6\verilog\alu.v" Line 145. $display Going to apply the trick
"D:\Computation-2\Work_Folder_Mips\mMips\mmips_6\verilog\alu.v" Line 146. $display  $s
ERROR:HDLCompiler:499 - "D:\Computation-2\Work_Folder_Mips\mMips\mmips_6\verilog\alu.v" Line 148: Illegal operation with real number.
WARNING:HDLCompiler:1127 - "D:\Computation-2\Work_Folder_Mips\mMips\mmips_6\verilog\alu.v" Line 39: Assignment to divvar ignored, since the identifier is never used
Module ALU remains a blackbox, due to errors in its contents
WARNING:HDLCompiler:1499 - "D:\Computation-2\Work_Folder_Mips\mMips\mmips_6\verilog\alu.v" Line 19: Empty module <ALU> remains a black box.

Elaborating module <REGFILE16>.

Elaborating module <ADD>.

Elaborating module <BRANCH_CTRL>.

Elaborating module <HAZARD_CTRL>.

Elaborating module <HAZARD>.

Elaborating module <REGISTER(WIDTH=32)>.

Elaborating module <REGISTER(WIDTH=5)>.

Elaborating module <REGISTER(WIDTH=6)>.

Elaborating module <REGISTER(WIDTH=1)>.

Elaborating module <REGISTER(WIDTH=2)>.

Elaborating module <MEMDEV>.

Elaborating module <ram(RAM_BRAM=64)>.
WARNING:HDLCompiler:91 - "D:\Computation-2\Work_Folder_Mips\mMips\mmips_6\verilog\ram.v" Line 120: Signal <enable> missing in the sensitivity list is added for synthesis purposes. HDL and post-synthesis simulations may differ as a result.
WARNING:HDLCompiler:91 - "D:\Computation-2\Work_Folder_Mips\mMips\mmips_6\verilog\ram.v" Line 128: Signal <ram_din> missing in the sensitivity list is added for synthesis purposes. HDL and post-synthesis simulations may differ as a result.

Elaborating module <RAMB16BWER(INIT_FILE="../memory/ram/mips_ram00.hex",SIM_DEVICE="SPARTAN6",DATA_WIDTH_A=36,DATA_WIDTH_B=0,WRITE_MODE_A="NO_CHANGE")>.

Elaborating module <RAMB16BWER(INIT_FILE="../memory/ram/mips_ram01.hex",SIM_DEVICE="SPARTAN6",DATA_WIDTH_A=36,DATA_WIDTH_B=0,WRITE_MODE_A="NO_CHANGE")>.

Elaborating module <RAMB16BWER(INIT_FILE="../memory/ram/mips_ram02.hex",SIM_DEVICE="SPARTAN6",DATA_WIDTH_A=36,DATA_WIDTH_B=0,WRITE_MODE_A="NO_CHANGE")>.

Elaborating module <RAMB16BWER(INIT_FILE="../memory/ram/mips_ram03.hex",SIM_DEVICE="SPARTAN6",DATA_WIDTH_A=36,DATA_WIDTH_B=0,WRITE_MODE_A="NO_CHANGE")>.

Elaborating module <RAMB16BWER(INIT_FILE="../memory/ram/mips_ram04.hex",SIM_DEVICE="SPARTAN6",DATA_WIDTH_A=36,DATA_WIDTH_B=0,WRITE_MODE_A="NO_CHANGE")>.

Elaborating module <RAMB16BWER(INIT_FILE="../memory/ram/mips_ram05.hex",SIM_DEVICE="SPARTAN6",DATA_WIDTH_A=36,DATA_WIDTH_B=0,WRITE_MODE_A="NO_CHANGE")>.

Elaborating module <RAMB16BWER(INIT_FILE="../memory/ram/mips_ram06.hex",SIM_DEVICE="SPARTAN6",DATA_WIDTH_A=36,DATA_WIDTH_B=0,WRITE_MODE_A="NO_CHANGE")>.

Elaborating module <RAMB16BWER(INIT_FILE="../memory/ram/mips_ram07.hex",SIM_DEVICE="SPARTAN6",DATA_WIDTH_A=36,DATA_WIDTH_B=0,WRITE_MODE_A="NO_CHANGE")>.

Elaborating module <RAMB16BWER(INIT_FILE="../memory/ram/mips_ram08.hex",SIM_DEVICE="SPARTAN6",DATA_WIDTH_A=36,DATA_WIDTH_B=0,WRITE_MODE_A="NO_CHANGE")>.

Elaborating module <RAMB16BWER(INIT_FILE="../memory/ram/mips_ram09.hex",SIM_DEVICE="SPARTAN6",DATA_WIDTH_A=36,DATA_WIDTH_B=0,WRITE_MODE_A="NO_CHANGE")>.

Elaborating module <RAMB16BWER(INIT_FILE="../memory/ram/mips_ram10.hex",SIM_DEVICE="SPARTAN6",DATA_WIDTH_A=36,DATA_WIDTH_B=0,WRITE_MODE_A="NO_CHANGE")>.

Elaborating module <RAMB16BWER(INIT_FILE="../memory/ram/mips_ram11.hex",SIM_DEVICE="SPARTAN6",DATA_WIDTH_A=36,DATA_WIDTH_B=0,WRITE_MODE_A="NO_CHANGE")>.

Elaborating module <RAMB16BWER(INIT_FILE="../memory/ram/mips_ram12.hex",SIM_DEVICE="SPARTAN6",DATA_WIDTH_A=36,DATA_WIDTH_B=0,WRITE_MODE_A="NO_CHANGE")>.

Elaborating module <RAMB16BWER(INIT_FILE="../memory/ram/mips_ram13.hex",SIM_DEVICE="SPARTAN6",DATA_WIDTH_A=36,DATA_WIDTH_B=0,WRITE_MODE_A="NO_CHANGE")>.

Elaborating module <RAMB16BWER(INIT_FILE="../memory/ram/mips_ram14.hex",SIM_DEVICE="SPARTAN6",DATA_WIDTH_A=36,DATA_WIDTH_B=0,WRITE_MODE_A="NO_CHANGE")>.

Elaborating module <RAMB16BWER(INIT_FILE="../memory/ram/mips_ram15.hex",SIM_DEVICE="SPARTAN6",DATA_WIDTH_A=36,DATA_WIDTH_B=0,WRITE_MODE_A="NO_CHANGE")>.

Elaborating module <RAMB16BWER(INIT_FILE="../memory/ram/mips_ram16.hex",SIM_DEVICE="SPARTAN6",DATA_WIDTH_A=36,DATA_WIDTH_B=0,WRITE_MODE_A="NO_CHANGE")>.

Elaborating module <RAMB16BWER(INIT_FILE="../memory/ram/mips_ram17.hex",SIM_DEVICE="SPARTAN6",DATA_WIDTH_A=36,DATA_WIDTH_B=0,WRITE_MODE_A="NO_CHANGE")>.

Elaborating module <RAMB16BWER(INIT_FILE="../memory/ram/mips_ram18.hex",SIM_DEVICE="SPARTAN6",DATA_WIDTH_A=36,DATA_WIDTH_B=0,WRITE_MODE_A="NO_CHANGE")>.

Elaborating module <RAMB16BWER(INIT_FILE="../memory/ram/mips_ram19.hex",SIM_DEVICE="SPARTAN6",DATA_WIDTH_A=36,DATA_WIDTH_B=0,WRITE_MODE_A="NO_CHANGE")>.

Elaborating module <RAMB16BWER(INIT_FILE="../memory/ram/mips_ram20.hex",SIM_DEVICE="SPARTAN6",DATA_WIDTH_A=36,DATA_WIDTH_B=0,WRITE_MODE_A="NO_CHANGE")>.

Elaborating module <RAMB16BWER(INIT_FILE="../memory/ram/mips_ram21.hex",SIM_DEVICE="SPARTAN6",DATA_WIDTH_A=36,DATA_WIDTH_B=0,WRITE_MODE_A="NO_CHANGE")>.

Elaborating module <RAMB16BWER(INIT_FILE="../memory/ram/mips_ram22.hex",SIM_DEVICE="SPARTAN6",DATA_WIDTH_A=36,DATA_WIDTH_B=0,WRITE_MODE_A="NO_CHANGE")>.

Elaborating module <RAMB16BWER(INIT_FILE="../memory/ram/mips_ram23.hex",SIM_DEVICE="SPARTAN6",DATA_WIDTH_A=36,DATA_WIDTH_B=0,WRITE_MODE_A="NO_CHANGE")>.

Elaborating module <RAMB16BWER(INIT_FILE="../memory/ram/mips_ram24.hex",SIM_DEVICE="SPARTAN6",DATA_WIDTH_A=36,DATA_WIDTH_B=0,WRITE_MODE_A="NO_CHANGE")>.

Elaborating module <RAMB16BWER(INIT_FILE="../memory/ram/mips_ram25.hex",SIM_DEVICE="SPARTAN6",DATA_WIDTH_A=36,DATA_WIDTH_B=0,WRITE_MODE_A="NO_CHANGE")>.

Elaborating module <RAMB16BWER(INIT_FILE="../memory/ram/mips_ram26.hex",SIM_DEVICE="SPARTAN6",DATA_WIDTH_A=36,DATA_WIDTH_B=0,WRITE_MODE_A="NO_CHANGE")>.

Elaborating module <RAMB16BWER(INIT_FILE="../memory/ram/mips_ram27.hex",SIM_DEVICE="SPARTAN6",DATA_WIDTH_A=36,DATA_WIDTH_B=0,WRITE_MODE_A="NO_CHANGE")>.

Elaborating module <RAMB16BWER(INIT_FILE="../memory/ram/mips_ram28.hex",SIM_DEVICE="SPARTAN6",DATA_WIDTH_A=36,DATA_WIDTH_B=0,WRITE_MODE_A="NO_CHANGE")>.

Elaborating module <RAMB16BWER(INIT_FILE="../memory/ram/mips_ram29.hex",SIM_DEVICE="SPARTAN6",DATA_WIDTH_A=36,DATA_WIDTH_B=0,WRITE_MODE_A="NO_CHANGE")>.

Elaborating module <RAMB16BWER(INIT_FILE="../memory/ram/mips_ram30.hex",SIM_DEVICE="SPARTAN6",DATA_WIDTH_A=36,DATA_WIDTH_B=0,WRITE_MODE_A="NO_CHANGE")>.

Elaborating module <RAMB16BWER(INIT_FILE="../memory/ram/mips_ram31.hex",SIM_DEVICE="SPARTAN6",DATA_WIDTH_A=36,DATA_WIDTH_B=0,WRITE_MODE_A="NO_CHANGE")>.

Elaborating module <RAMB16BWER(INIT_FILE="../memory/ram/mips_ram32.hex",SIM_DEVICE="SPARTAN6",DATA_WIDTH_A=36,DATA_WIDTH_B=0,WRITE_MODE_A="NO_CHANGE")>.

Elaborating module <RAMB16BWER(INIT_FILE="../memory/ram/mips_ram33.hex",SIM_DEVICE="SPARTAN6",DATA_WIDTH_A=36,DATA_WIDTH_B=0,WRITE_MODE_A="NO_CHANGE")>.

Elaborating module <RAMB16BWER(INIT_FILE="../memory/ram/mips_ram34.hex",SIM_DEVICE="SPARTAN6",DATA_WIDTH_A=36,DATA_WIDTH_B=0,WRITE_MODE_A="NO_CHANGE")>.

Elaborating module <RAMB16BWER(INIT_FILE="../memory/ram/mips_ram35.hex",SIM_DEVICE="SPARTAN6",DATA_WIDTH_A=36,DATA_WIDTH_B=0,WRITE_MODE_A="NO_CHANGE")>.

Elaborating module <RAMB16BWER(INIT_FILE="../memory/ram/mips_ram36.hex",SIM_DEVICE="SPARTAN6",DATA_WIDTH_A=36,DATA_WIDTH_B=0,WRITE_MODE_A="NO_CHANGE")>.

Elaborating module <RAMB16BWER(INIT_FILE="../memory/ram/mips_ram37.hex",SIM_DEVICE="SPARTAN6",DATA_WIDTH_A=36,DATA_WIDTH_B=0,WRITE_MODE_A="NO_CHANGE")>.

Elaborating module <RAMB16BWER(INIT_FILE="../memory/ram/mips_ram38.hex",SIM_DEVICE="SPARTAN6",DATA_WIDTH_A=36,DATA_WIDTH_B=0,WRITE_MODE_A="NO_CHANGE")>.

Elaborating module <RAMB16BWER(INIT_FILE="../memory/ram/mips_ram39.hex",SIM_DEVICE="SPARTAN6",DATA_WIDTH_A=36,DATA_WIDTH_B=0,WRITE_MODE_A="NO_CHANGE")>.

Elaborating module <RAMB16BWER(INIT_FILE="../memory/ram/mips_ram40.hex",SIM_DEVICE="SPARTAN6",DATA_WIDTH_A=36,DATA_WIDTH_B=0,WRITE_MODE_A="NO_CHANGE")>.

Elaborating module <RAMB16BWER(INIT_FILE="../memory/ram/mips_ram41.hex",SIM_DEVICE="SPARTAN6",DATA_WIDTH_A=36,DATA_WIDTH_B=0,WRITE_MODE_A="NO_CHANGE")>.

Elaborating module <RAMB16BWER(INIT_FILE="../memory/ram/mips_ram42.hex",SIM_DEVICE="SPARTAN6",DATA_WIDTH_A=36,DATA_WIDTH_B=0,WRITE_MODE_A="NO_CHANGE")>.

Elaborating module <RAMB16BWER(INIT_FILE="../memory/ram/mips_ram43.hex",SIM_DEVICE="SPARTAN6",DATA_WIDTH_A=36,DATA_WIDTH_B=0,WRITE_MODE_A="NO_CHANGE")>.

Elaborating module <RAMB16BWER(INIT_FILE="../memory/ram/mips_ram44.hex",SIM_DEVICE="SPARTAN6",DATA_WIDTH_A=36,DATA_WIDTH_B=0,WRITE_MODE_A="NO_CHANGE")>.

Elaborating module <RAMB16BWER(INIT_FILE="../memory/ram/mips_ram45.hex",SIM_DEVICE="SPARTAN6",DATA_WIDTH_A=36,DATA_WIDTH_B=0,WRITE_MODE_A="NO_CHANGE")>.

Elaborating module <RAMB16BWER(INIT_FILE="../memory/ram/mips_ram46.hex",SIM_DEVICE="SPARTAN6",DATA_WIDTH_A=36,DATA_WIDTH_B=0,WRITE_MODE_A="NO_CHANGE")>.

Elaborating module <RAMB16BWER(INIT_FILE="../memory/ram/mips_ram47.hex",SIM_DEVICE="SPARTAN6",DATA_WIDTH_A=36,DATA_WIDTH_B=0,WRITE_MODE_A="NO_CHANGE")>.

Elaborating module <RAMB16BWER(INIT_FILE="../memory/ram/mips_ram48.hex",SIM_DEVICE="SPARTAN6",DATA_WIDTH_A=36,DATA_WIDTH_B=0,WRITE_MODE_A="NO_CHANGE")>.

Elaborating module <RAMB16BWER(INIT_FILE="../memory/ram/mips_ram49.hex",SIM_DEVICE="SPARTAN6",DATA_WIDTH_A=36,DATA_WIDTH_B=0,WRITE_MODE_A="NO_CHANGE")>.

Elaborating module <RAMB16BWER(INIT_FILE="../memory/ram/mips_ram50.hex",SIM_DEVICE="SPARTAN6",DATA_WIDTH_A=36,DATA_WIDTH_B=0,WRITE_MODE_A="NO_CHANGE")>.

Elaborating module <RAMB16BWER(INIT_FILE="../memory/ram/mips_ram51.hex",SIM_DEVICE="SPARTAN6",DATA_WIDTH_A=36,DATA_WIDTH_B=0,WRITE_MODE_A="NO_CHANGE")>.

Elaborating module <RAMB16BWER(INIT_FILE="../memory/ram/mips_ram52.hex",SIM_DEVICE="SPARTAN6",DATA_WIDTH_A=36,DATA_WIDTH_B=0,WRITE_MODE_A="NO_CHANGE")>.

Elaborating module <RAMB16BWER(INIT_FILE="../memory/ram/mips_ram53.hex",SIM_DEVICE="SPARTAN6",DATA_WIDTH_A=36,DATA_WIDTH_B=0,WRITE_MODE_A="NO_CHANGE")>.

Elaborating module <RAMB16BWER(INIT_FILE="../memory/ram/mips_ram54.hex",SIM_DEVICE="SPARTAN6",DATA_WIDTH_A=36,DATA_WIDTH_B=0,WRITE_MODE_A="NO_CHANGE")>.

Elaborating module <RAMB16BWER(INIT_FILE="../memory/ram/mips_ram55.hex",SIM_DEVICE="SPARTAN6",DATA_WIDTH_A=36,DATA_WIDTH_B=0,WRITE_MODE_A="NO_CHANGE")>.

Elaborating module <RAMB16BWER(INIT_FILE="../memory/ram/mips_ram56.hex",SIM_DEVICE="SPARTAN6",DATA_WIDTH_A=36,DATA_WIDTH_B=0,WRITE_MODE_A="NO_CHANGE")>.

Elaborating module <RAMB16BWER(INIT_FILE="../memory/ram/mips_ram57.hex",SIM_DEVICE="SPARTAN6",DATA_WIDTH_A=36,DATA_WIDTH_B=0,WRITE_MODE_A="NO_CHANGE")>.

Elaborating module <RAMB16BWER(INIT_FILE="../memory/ram/mips_ram58.hex",SIM_DEVICE="SPARTAN6",DATA_WIDTH_A=36,DATA_WIDTH_B=0,WRITE_MODE_A="NO_CHANGE")>.

Elaborating module <RAMB16BWER(INIT_FILE="../memory/ram/mips_ram59.hex",SIM_DEVICE="SPARTAN6",DATA_WIDTH_A=36,DATA_WIDTH_B=0,WRITE_MODE_A="NO_CHANGE")>.

Elaborating module <RAMB16BWER(INIT_FILE="../memory/ram/mips_ram60.hex",SIM_DEVICE="SPARTAN6",DATA_WIDTH_A=36,DATA_WIDTH_B=0,WRITE_MODE_A="NO_CHANGE")>.

Elaborating module <RAMB16BWER(INIT_FILE="../memory/ram/mips_ram61.hex",SIM_DEVICE="SPARTAN6",DATA_WIDTH_A=36,DATA_WIDTH_B=0,WRITE_MODE_A="NO_CHANGE")>.

Elaborating module <RAMB16BWER(INIT_FILE="../memory/ram/mips_ram62.hex",SIM_DEVICE="SPARTAN6",DATA_WIDTH_A=36,DATA_WIDTH_B=0,WRITE_MODE_A="NO_CHANGE")>.

Elaborating module <RAMB16BWER(INIT_FILE="../memory/ram/mips_ram63.hex",SIM_DEVICE="SPARTAN6",DATA_WIDTH_A=36,DATA_WIDTH_B=0,WRITE_MODE_A="NO_CHANGE")>.

Elaborating module <rom(ROM_BRAM=48)>.

Elaborating module <RAMB16BWER(INIT_FILE="../memory/rom/mips_rom00.hex",SIM_DEVICE="SPARTAN6",DATA_WIDTH_A=36,DATA_WIDTH_B=0,WRITE_MODE_A="NO_CHANGE")>.

Elaborating module <RAMB16BWER(INIT_FILE="../memory/rom/mips_rom01.hex",SIM_DEVICE="SPARTAN6",DATA_WIDTH_A=36,DATA_WIDTH_B=0,WRITE_MODE_A="NO_CHANGE")>.

Elaborating module <RAMB16BWER(INIT_FILE="../memory/rom/mips_rom02.hex",SIM_DEVICE="SPARTAN6",DATA_WIDTH_A=36,DATA_WIDTH_B=0,WRITE_MODE_A="NO_CHANGE")>.

Elaborating module <RAMB16BWER(INIT_FILE="../memory/rom/mips_rom03.hex",SIM_DEVICE="SPARTAN6",DATA_WIDTH_A=36,DATA_WIDTH_B=0,WRITE_MODE_A="NO_CHANGE")>.

Elaborating module <RAMB16BWER(INIT_FILE="../memory/rom/mips_rom04.hex",SIM_DEVICE="SPARTAN6",DATA_WIDTH_A=36,DATA_WIDTH_B=0,WRITE_MODE_A="NO_CHANGE")>.

Elaborating module <RAMB16BWER(INIT_FILE="../memory/rom/mips_rom05.hex",SIM_DEVICE="SPARTAN6",DATA_WIDTH_A=36,DATA_WIDTH_B=0,WRITE_MODE_A="NO_CHANGE")>.

Elaborating module <RAMB16BWER(INIT_FILE="../memory/rom/mips_rom06.hex",SIM_DEVICE="SPARTAN6",DATA_WIDTH_A=36,DATA_WIDTH_B=0,WRITE_MODE_A="NO_CHANGE")>.

Elaborating module <RAMB16BWER(INIT_FILE="../memory/rom/mips_rom07.hex",SIM_DEVICE="SPARTAN6",DATA_WIDTH_A=36,DATA_WIDTH_B=0,WRITE_MODE_A="NO_CHANGE")>.

Elaborating module <RAMB16BWER(INIT_FILE="../memory/rom/mips_rom08.hex",SIM_DEVICE="SPARTAN6",DATA_WIDTH_A=36,DATA_WIDTH_B=0,WRITE_MODE_A="NO_CHANGE")>.

Elaborating module <RAMB16BWER(INIT_FILE="../memory/rom/mips_rom09.hex",SIM_DEVICE="SPARTAN6",DATA_WIDTH_A=36,DATA_WIDTH_B=0,WRITE_MODE_A="NO_CHANGE")>.

Elaborating module <RAMB16BWER(INIT_FILE="../memory/rom/mips_rom10.hex",SIM_DEVICE="SPARTAN6",DATA_WIDTH_A=36,DATA_WIDTH_B=0,WRITE_MODE_A="NO_CHANGE")>.

Elaborating module <RAMB16BWER(INIT_FILE="../memory/rom/mips_rom11.hex",SIM_DEVICE="SPARTAN6",DATA_WIDTH_A=36,DATA_WIDTH_B=0,WRITE_MODE_A="NO_CHANGE")>.

Elaborating module <RAMB16BWER(INIT_FILE="../memory/rom/mips_rom12.hex",SIM_DEVICE="SPARTAN6",DATA_WIDTH_A=36,DATA_WIDTH_B=0,WRITE_MODE_A="NO_CHANGE")>.

Elaborating module <RAMB16BWER(INIT_FILE="../memory/rom/mips_rom13.hex",SIM_DEVICE="SPARTAN6",DATA_WIDTH_A=36,DATA_WIDTH_B=0,WRITE_MODE_A="NO_CHANGE")>.

Elaborating module <RAMB16BWER(INIT_FILE="../memory/rom/mips_rom14.hex",SIM_DEVICE="SPARTAN6",DATA_WIDTH_A=36,DATA_WIDTH_B=0,WRITE_MODE_A="NO_CHANGE")>.

Elaborating module <RAMB16BWER(INIT_FILE="../memory/rom/mips_rom15.hex",SIM_DEVICE="SPARTAN6",DATA_WIDTH_A=36,DATA_WIDTH_B=0,WRITE_MODE_A="NO_CHANGE")>.

Elaborating module <RAMB16BWER(INIT_FILE="../memory/rom/mips_rom16.hex",SIM_DEVICE="SPARTAN6",DATA_WIDTH_A=36,DATA_WIDTH_B=0,WRITE_MODE_A="NO_CHANGE")>.

Elaborating module <RAMB16BWER(INIT_FILE="../memory/rom/mips_rom17.hex",SIM_DEVICE="SPARTAN6",DATA_WIDTH_A=36,DATA_WIDTH_B=0,WRITE_MODE_A="NO_CHANGE")>.

Elaborating module <RAMB16BWER(INIT_FILE="../memory/rom/mips_rom18.hex",SIM_DEVICE="SPARTAN6",DATA_WIDTH_A=36,DATA_WIDTH_B=0,WRITE_MODE_A="NO_CHANGE")>.

Elaborating module <RAMB16BWER(INIT_FILE="../memory/rom/mips_rom19.hex",SIM_DEVICE="SPARTAN6",DATA_WIDTH_A=36,DATA_WIDTH_B=0,WRITE_MODE_A="NO_CHANGE")>.

Elaborating module <RAMB16BWER(INIT_FILE="../memory/rom/mips_rom20.hex",SIM_DEVICE="SPARTAN6",DATA_WIDTH_A=36,DATA_WIDTH_B=0,WRITE_MODE_A="NO_CHANGE")>.

Elaborating module <RAMB16BWER(INIT_FILE="../memory/rom/mips_rom21.hex",SIM_DEVICE="SPARTAN6",DATA_WIDTH_A=36,DATA_WIDTH_B=0,WRITE_MODE_A="NO_CHANGE")>.

Elaborating module <RAMB16BWER(INIT_FILE="../memory/rom/mips_rom22.hex",SIM_DEVICE="SPARTAN6",DATA_WIDTH_A=36,DATA_WIDTH_B=0,WRITE_MODE_A="NO_CHANGE")>.

Elaborating module <RAMB16BWER(INIT_FILE="../memory/rom/mips_rom23.hex",SIM_DEVICE="SPARTAN6",DATA_WIDTH_A=36,DATA_WIDTH_B=0,WRITE_MODE_A="NO_CHANGE")>.

Elaborating module <RAMB16BWER(INIT_FILE="../memory/rom/mips_rom24.hex",SIM_DEVICE="SPARTAN6",DATA_WIDTH_A=36,DATA_WIDTH_B=0,WRITE_MODE_A="NO_CHANGE")>.

Elaborating module <RAMB16BWER(INIT_FILE="../memory/rom/mips_rom25.hex",SIM_DEVICE="SPARTAN6",DATA_WIDTH_A=36,DATA_WIDTH_B=0,WRITE_MODE_A="NO_CHANGE")>.

Elaborating module <RAMB16BWER(INIT_FILE="../memory/rom/mips_rom26.hex",SIM_DEVICE="SPARTAN6",DATA_WIDTH_A=36,DATA_WIDTH_B=0,WRITE_MODE_A="NO_CHANGE")>.

Elaborating module <RAMB16BWER(INIT_FILE="../memory/rom/mips_rom27.hex",SIM_DEVICE="SPARTAN6",DATA_WIDTH_A=36,DATA_WIDTH_B=0,WRITE_MODE_A="NO_CHANGE")>.

Elaborating module <RAMB16BWER(INIT_FILE="../memory/rom/mips_rom28.hex",SIM_DEVICE="SPARTAN6",DATA_WIDTH_A=36,DATA_WIDTH_B=0,WRITE_MODE_A="NO_CHANGE")>.

Elaborating module <RAMB16BWER(INIT_FILE="../memory/rom/mips_rom29.hex",SIM_DEVICE="SPARTAN6",DATA_WIDTH_A=36,DATA_WIDTH_B=0,WRITE_MODE_A="NO_CHANGE")>.

Elaborating module <RAMB16BWER(INIT_FILE="../memory/rom/mips_rom30.hex",SIM_DEVICE="SPARTAN6",DATA_WIDTH_A=36,DATA_WIDTH_B=0,WRITE_MODE_A="NO_CHANGE")>.

Elaborating module <RAMB16BWER(INIT_FILE="../memory/rom/mips_rom31.hex",SIM_DEVICE="SPARTAN6",DATA_WIDTH_A=36,DATA_WIDTH_B=0,WRITE_MODE_A="NO_CHANGE")>.

Elaborating module <RAMB16BWER(INIT_FILE="../memory/rom/mips_rom32.hex",SIM_DEVICE="SPARTAN6",DATA_WIDTH_A=36,DATA_WIDTH_B=0,WRITE_MODE_A="NO_CHANGE")>.

Elaborating module <RAMB16BWER(INIT_FILE="../memory/rom/mips_rom33.hex",SIM_DEVICE="SPARTAN6",DATA_WIDTH_A=36,DATA_WIDTH_B=0,WRITE_MODE_A="NO_CHANGE")>.

Elaborating module <RAMB16BWER(INIT_FILE="../memory/rom/mips_rom34.hex",SIM_DEVICE="SPARTAN6",DATA_WIDTH_A=36,DATA_WIDTH_B=0,WRITE_MODE_A="NO_CHANGE")>.

Elaborating module <RAMB16BWER(INIT_FILE="../memory/rom/mips_rom35.hex",SIM_DEVICE="SPARTAN6",DATA_WIDTH_A=36,DATA_WIDTH_B=0,WRITE_MODE_A="NO_CHANGE")>.

Elaborating module <RAMB16BWER(INIT_FILE="../memory/rom/mips_rom36.hex",SIM_DEVICE="SPARTAN6",DATA_WIDTH_A=36,DATA_WIDTH_B=0,WRITE_MODE_A="NO_CHANGE")>.

Elaborating module <RAMB16BWER(INIT_FILE="../memory/rom/mips_rom37.hex",SIM_DEVICE="SPARTAN6",DATA_WIDTH_A=36,DATA_WIDTH_B=0,WRITE_MODE_A="NO_CHANGE")>.

Elaborating module <RAMB16BWER(INIT_FILE="../memory/rom/mips_rom38.hex",SIM_DEVICE="SPARTAN6",DATA_WIDTH_A=36,DATA_WIDTH_B=0,WRITE_MODE_A="NO_CHANGE")>.

Elaborating module <RAMB16BWER(INIT_FILE="../memory/rom/mips_rom39.hex",SIM_DEVICE="SPARTAN6",DATA_WIDTH_A=36,DATA_WIDTH_B=0,WRITE_MODE_A="NO_CHANGE")>.

Elaborating module <RAMB16BWER(INIT_FILE="../memory/rom/mips_rom40.hex",SIM_DEVICE="SPARTAN6",DATA_WIDTH_A=36,DATA_WIDTH_B=0,WRITE_MODE_A="NO_CHANGE")>.

Elaborating module <RAMB16BWER(INIT_FILE="../memory/rom/mips_rom41.hex",SIM_DEVICE="SPARTAN6",DATA_WIDTH_A=36,DATA_WIDTH_B=0,WRITE_MODE_A="NO_CHANGE")>.

Elaborating module <RAMB16BWER(INIT_FILE="../memory/rom/mips_rom42.hex",SIM_DEVICE="SPARTAN6",DATA_WIDTH_A=36,DATA_WIDTH_B=0,WRITE_MODE_A="NO_CHANGE")>.

Elaborating module <RAMB16BWER(INIT_FILE="../memory/rom/mips_rom43.hex",SIM_DEVICE="SPARTAN6",DATA_WIDTH_A=36,DATA_WIDTH_B=0,WRITE_MODE_A="NO_CHANGE")>.

Elaborating module <RAMB16BWER(INIT_FILE="../memory/rom/mips_rom44.hex",SIM_DEVICE="SPARTAN6",DATA_WIDTH_A=36,DATA_WIDTH_B=0,WRITE_MODE_A="NO_CHANGE")>.

Elaborating module <RAMB16BWER(INIT_FILE="../memory/rom/mips_rom45.hex",SIM_DEVICE="SPARTAN6",DATA_WIDTH_A=36,DATA_WIDTH_B=0,WRITE_MODE_A="NO_CHANGE")>.

Elaborating module <RAMB16BWER(INIT_FILE="../memory/rom/mips_rom46.hex",SIM_DEVICE="SPARTAN6",DATA_WIDTH_A=36,DATA_WIDTH_B=0,WRITE_MODE_A="NO_CHANGE")>.

Elaborating module <RAMB16BWER(INIT_FILE="../memory/rom/mips_rom47.hex",SIM_DEVICE="SPARTAN6",DATA_WIDTH_A=36,DATA_WIDTH_B=0,WRITE_MODE_A="NO_CHANGE")>.
--> 

Total memory usage is 266800 kilobytes

Number of errors   :    1 (   0 filtered)
Number of warnings :    9 (   0 filtered)
Number of infos    :    0 (   0 filtered)

