Running: C:\Xilinx\14.7\ISE_DS\ISE\bin\nt64\unwrapped\fuse.exe -intstyle ise -incremental -lib unisims_ver -lib unimacro_ver -lib xilinxcorelib_ver -lib secureip -o C:/Users/martijn/Documents/GitHub/Computation-2/Mips Work Folder/fulladder_fulladder_sch_tb_isim_beh.exe -prj C:/Users/martijn/Documents/GitHub/Computation-2/Mips Work Folder/fulladder_fulladder_sch_tb_beh.prj work.fulladder_fulladder_sch_tb work.glbl 
ISim P.20131013 (signature 0x7708f090)
Number of CPUs detected in this system: 8
Turning on mult-threading, number of parallel sub-compilation jobs: 16 
Determining compilation order of HDL files
Analyzing Verilog file "C:/Users/martijn/Documents/GitHub/Computation-2/Mips Work Folder/fulladder.vf" into library work
Analyzing Verilog file "C:/Users/martijn/Documents/GitHub/Computation-2/Mips Work Folder/testfixture.v" into library work
Analyzing Verilog file "C:/Xilinx/14.7/ISE_DS/ISE//verilog/src/glbl.v" into library work
Starting static elaboration
Completed static elaboration
Compiling module OR2
Compiling module AND2
Compiling module OR3
Compiling module AND3
Compiling module NOR2
Compiling module INV
Compiling module fulladder
Compiling module fulladder_fulladder_sch_tb
Compiling module glbl
Time Resolution for simulation is 1ps.
Waiting for 1 sub-compilation(s) to finish...
Compiled 9 Verilog Units
Built simulation executable C:/Users/martijn/Documents/GitHub/Computation-2/Mips Work Folder/fulladder_fulladder_sch_tb_isim_beh.exe
Fuse Memory Usage: 28516 KB
Fuse CPU Usage: 515 ms
