ISim log file
Running: D:\Computation-2\Work_Folder_Mips\mMips\mmips7\workspace\testbench_isim_beh.exe -intstyle ise -gui -tclbatch isim.cmd -wdb D:/Computation-2/Work_Folder_Mips/mMips/mmips7/workspace/testbench_isim_beh.wdb 
ISim P.28xd (signature 0xa0883be4)
----------------------------------------------------------------------
INFO:Security:50 - The XILINXD_LICENSE_FILE environment variable is set to '2100@tuelicense.campus.tue.nl'.
INFO:Security:53 - The LM_LICENSE_FILE environment variable is not set.
INFO:Security:68a - user is Martyn, on host DESKTOP-U0UG3T7.
WARNING:Security:43 - No license file was found in the standard Xilinx license directory.
WARNING:Security:44 - Since no license file was found,
       please run the Xilinx License Configuration Manager
       (xlcm or "Manage Xilinx Licenses")
       to assist in obtaining a license.
ERROR:Security:14 - No feature was available for 'ISIM'.

License server machine is down or not responding.
 See the system adminstrator about starting the license server system, or
 make sure you're referring to the right host (see LM_LICENSE_FILE).
Feature:       ISIM
Hostname:      tuelicense.campus.tue.nl
License path:  C:/.Xilinx;C:\Xilinx\14.2\ISE_DS\ISE\/coregen/core_licenses\Xilinx.lic;C:\Xilinx\14.2\ISE_DS\ISE\/coregen/core_licenses\XilinxFree.lic;C:\Xilinx\14.2\ISE_DS\EDK/data/core_licenses\Xilinx.lic;2100@tuelicense.campus.tue.nl;
FLEXnet Licensing error:-96,7.  System Error: 11001 "WinSock: Host not found (HOST_NOT_FOUND)"
For further information, refer to the FLEXnet Licensing documentation,
available at "www.acresso.com".
----------------------------------------------------------------------
WARNING: A full ISim License cannot be checked out due to the issues listed above. Please use Xilinx License Configuration Manager to fix these issues in order to check out a full ISim license.
WARNING: ISim will run in Lite mode. Please refer to the ISim documentation for more information on the differences between the Lite and the Full version.
This is a Lite version of ISim.
Time resolution is 1 ps
# onerror resume
# wave add /
# run 1000 ns
Simulator is doing circuit initialization process.
Finished circuit initialization process.
WARNING: This is a limited version of the ISim. The current design has exceeded the design size limit for this version and the performance of the simulation will be derated. Please contact your nearest sales office at http://www.xilinx.com/company/contact.htm or visit the Xilinx on-line store at http://www.xilinx.com/onlinestore/design_resources.htm if interested in purchasing the full, unlimited version of this simulator.
