d:\computation-2\c work folder\final task\v3\openglskeleton\openglskeleton\debug\vc140.pdb
d:\computation-2\c work folder\final task\v3\openglskeleton\openglskeleton\debug\vc140.idb
d:\computation-2\c work folder\final task\v3\openglskeleton\openglskeleton\debug\drawlist.nativecodeanalysis.xml
d:\computation-2\c work folder\final task\v3\openglskeleton\openglskeleton\debug\drawtools.nativecodeanalysis.xml
d:\computation-2\c work folder\final task\v3\openglskeleton\openglskeleton\debug\enemy.nativecodeanalysis.xml
d:\computation-2\c work folder\final task\v3\openglskeleton\openglskeleton\debug\firedbullet.nativecodeanalysis.xml
d:\computation-2\c work folder\final task\v3\openglskeleton\openglskeleton\debug\main.nativecodeanalysis.xml
d:\computation-2\c work folder\final task\v3\openglskeleton\openglskeleton\debug\turret.nativecodeanalysis.xml
d:\computation-2\c work folder\final task\v3\openglskeleton\openglskeleton\debug\zooi.nativecodeanalysis.xml
d:\computation-2\c work folder\final task\v3\openglskeleton\openglskeleton\debug\zooi.obj
d:\computation-2\c work folder\final task\v3\openglskeleton\openglskeleton\debug\turret.obj
d:\computation-2\c work folder\final task\v3\openglskeleton\openglskeleton\debug\main.obj
d:\computation-2\c work folder\final task\v3\openglskeleton\openglskeleton\debug\firedbullet.obj
d:\computation-2\c work folder\final task\v3\openglskeleton\openglskeleton\debug\enemy.obj
d:\computation-2\c work folder\final task\v3\openglskeleton\openglskeleton\debug\drawtools.obj
d:\computation-2\c work folder\final task\v3\openglskeleton\openglskeleton\debug\drawlist.obj
d:\computation-2\c work folder\final task\v3\openglskeleton\debug\openglskeleton.ilk
d:\computation-2\c work folder\final task\v3\openglskeleton\debug\openglskeleton.exe
d:\computation-2\c work folder\final task\v3\openglskeleton\debug\openglskeleton.pdb
d:\computation-2\c work folder\final task\v3\openglskeleton\openglskeleton\debug\openglskeleton.res
d:\computation-2\c work folder\final task\v3\openglskeleton\openglskeleton\debug\nativecodeanalysis.read.1.tlog
d:\computation-2\c work folder\final task\v3\openglskeleton\openglskeleton\debug\vc.nativecodeanalysis.all.xml
d:\computation-2\c work folder\final task\v3\openglskeleton\debug\openglskeleton.exe.lastcodeanalysissucceeded
d:\computation-2\c work folder\final task\v3\openglskeleton\openglskeleton\debug\openglskeleton.tlog\cl.command.1.tlog
d:\computation-2\c work folder\final task\v3\openglskeleton\openglskeleton\debug\openglskeleton.tlog\cl.read.1.tlog
d:\computation-2\c work folder\final task\v3\openglskeleton\openglskeleton\debug\openglskeleton.tlog\cl.write.1.tlog
d:\computation-2\c work folder\final task\v3\openglskeleton\openglskeleton\debug\openglskeleton.tlog\link.command.1.tlog
d:\computation-2\c work folder\final task\v3\openglskeleton\openglskeleton\debug\openglskeleton.tlog\link.read.1.tlog
d:\computation-2\c work folder\final task\v3\openglskeleton\openglskeleton\debug\openglskeleton.tlog\link.write.1.tlog
d:\computation-2\c work folder\final task\v3\openglskeleton\openglskeleton\debug\openglskeleton.tlog\rc.command.1.tlog
d:\computation-2\c work folder\final task\v3\openglskeleton\openglskeleton\debug\openglskeleton.tlog\rc.read.1.tlog
d:\computation-2\c work folder\final task\v3\openglskeleton\openglskeleton\debug\openglskeleton.tlog\rc.write.1.tlog
