ISim log file
Running: D:\Computation-2\Work_Folder_Mips\mMips\mmips_5_Final\mmips\workspace\testbench_isim_beh.exe -intstyle ise -gui -tclbatch isim.cmd -wdb D:/Computation-2/Work_Folder_Mips/mMips/mmips_5_Final/mmips/workspace/testbench_isim_beh.wdb 
ISim P.28xd (signature 0xa0883be4)
----------------------------------------------------------------------
INFO:Security:50 - The XILINXD_LICENSE_FILE environment variable is set to '2100@tuelicense.campus.tue.nl'.
INFO:Security:53 - The LM_LICENSE_FILE environment variable is not set.
WARNING:Security:43 - No license file was found in the standard Xilinx license directory.
WARNING:Security:44 - Since no license file was found,
       please run the Xilinx License Configuration Manager
       (xlcm or "Manage Xilinx Licenses")
       to assist in obtaining a license.
WARNING:Security:42 - Your software subscription period has lapsed. Your current version of Xilinx tools will continue to function, but you no longer qualify for Xilinx software updates or new releases.


----------------------------------------------------------------------
This is a Full version of ISim.
WARNING: File "D:/Computation-2/Work_Folder_Mips/mMips/mmips_5_Final/mmips/verilog/mmips.v" Line 209.  For instance mMIPS/mux7/, width 2 of formal port sel is not equal to width 3 of actual signal bus_forwarding1.
WARNING: File "D:/Computation-2/Work_Folder_Mips/mMips/mmips_5_Final/mmips/verilog/mmips.v" Line 211.  For instance mMIPS/mux8/, width 2 of formal port sel is not equal to width 3 of actual signal bus_forwarding2.
Time resolution is 1 ps
# onerror resume
# wave add /
# run 1000 ns
Simulator is doing circuit initialization process.
Finished circuit initialization process.
# run all
Stopped at time : 21479751 ns : File "D:/Computation-2/Work_Folder_Mips/mMips/mmips_5_Final/mmips/verilog/testbench.v" Line 63
