Running: C:\Xilinx\14.2\ISE_DS\ISE\bin\nt64\unwrapped\fuse.exe -intstyle ise -incremental -lib unisims_ver -lib unimacro_ver -lib xilinxcorelib_ver -lib secureip -o D:/Computation-2/Work_Folder_Mips/mMips/mmips_3_LAB2_path/workspace/testbench_isim_beh.exe -prj D:/Computation-2/Work_Folder_Mips/mMips/mmips_3_LAB2_path/workspace/testbench_beh.prj work.testbench work.glbl 
ISim P.28xd (signature 0xa0883be4)
Number of CPUs detected in this system: 8
Turning on mult-threading, number of parallel sub-compilation jobs: 16 
Determining compilation order of HDL files
Analyzing Verilog file "D:/Computation-2/Work_Folder_Mips/mMips/mmips_3_LAB2_path/workspace/../verilog/signextend.v" into library work
Analyzing Verilog file "D:/Computation-2/Work_Folder_Mips/mMips/mmips_3_LAB2_path/workspace/../verilog/shift.v" into library work
Analyzing Verilog file "D:/Computation-2/Work_Folder_Mips/mMips/mmips_3_LAB2_path/workspace/../verilog/register.v" into library work
Analyzing Verilog file "D:/Computation-2/Work_Folder_Mips/mMips/mmips_3_LAB2_path/workspace/../verilog/regfile16.v" into library work
WARNING:HDLCompiler:991 - "D:/Computation-2/Work_Folder_Mips/mMips/mmips_3_LAB2_path/workspace/../verilog/regfile16.v" Line 61: Event expressions must result in a singular type
WARNING:HDLCompiler:991 - "D:/Computation-2/Work_Folder_Mips/mMips/mmips_3_LAB2_path/workspace/../verilog/regfile16.v" Line 63: Event expressions must result in a singular type
Analyzing Verilog file "D:/Computation-2/Work_Folder_Mips/mMips/mmips_3_LAB2_path/workspace/../verilog/mux.v" into library work
Analyzing Verilog file "D:/Computation-2/Work_Folder_Mips/mMips/mmips_3_LAB2_path/workspace/../verilog/memdev.v" into library work
Analyzing Verilog file "D:/Computation-2/Work_Folder_Mips/mMips/mmips_3_LAB2_path/workspace/../verilog/imm2word.v" into library work
Analyzing Verilog file "D:/Computation-2/Work_Folder_Mips/mMips/mmips_3_LAB2_path/workspace/../verilog/hazard_ctrl.v" into library work
Analyzing Verilog file "D:/Computation-2/Work_Folder_Mips/mMips/mmips_3_LAB2_path/workspace/../verilog/hazard.v" into library work
Analyzing Verilog file "D:/Computation-2/Work_Folder_Mips/mMips/mmips_3_LAB2_path/workspace/../verilog/decoder.v" into library work
Analyzing Verilog file "D:/Computation-2/Work_Folder_Mips/mMips/mmips_3_LAB2_path/workspace/../verilog/ctrl.v" into library work
Analyzing Verilog file "D:/Computation-2/Work_Folder_Mips/mMips/mmips_3_LAB2_path/workspace/../verilog/branch_ctrl.v" into library work
Analyzing Verilog file "D:/Computation-2/Work_Folder_Mips/mMips/mmips_3_LAB2_path/workspace/../verilog/aluctrl.v" into library work
Analyzing Verilog file "D:/Computation-2/Work_Folder_Mips/mMips/mmips_3_LAB2_path/workspace/../verilog/alu.v" into library work
Analyzing Verilog file "D:/Computation-2/Work_Folder_Mips/mMips/mmips_3_LAB2_path/workspace/../verilog/add.v" into library work
Analyzing Verilog file "D:/Computation-2/Work_Folder_Mips/mMips/mmips_3_LAB2_path/workspace/../verilog/rom.v" into library work
WARNING:HDLCompiler:991 - "D:/Computation-2/Work_Folder_Mips/mMips/mmips_3_LAB2_path/workspace/../verilog/rom.v" Line 114: Event expressions must result in a singular type
Analyzing Verilog file "D:/Computation-2/Work_Folder_Mips/mMips/mmips_3_LAB2_path/workspace/../verilog/ram.v" into library work
WARNING:HDLCompiler:991 - "D:/Computation-2/Work_Folder_Mips/mMips/mmips_3_LAB2_path/workspace/../verilog/ram.v" Line 172: Event expressions must result in a singular type
Analyzing Verilog file "D:/Computation-2/Work_Folder_Mips/mMips/mmips_3_LAB2_path/workspace/../verilog/mmips.v" into library work
Analyzing Verilog file "D:/Computation-2/Work_Folder_Mips/mMips/mmips_3_LAB2_path/workspace/../verilog/mMIPS_sim.v" into library work
Analyzing Verilog file "D:/Computation-2/Work_Folder_Mips/mMips/mmips_3_LAB2_path/workspace/../verilog/testbench.v" into library work
Analyzing Verilog file "C:/Xilinx/14.2/ISE_DS/ISE//verilog/src/glbl.v" into library work
Starting static elaboration
WARNING:HDLCompiler:1016 - "D:/Computation-2/Work_Folder_Mips/mMips/mmips_3_LAB2_path/workspace/../verilog/testbench.v" Line 33: Port dev_dout is not connected to this instance
WARNING:HDLCompiler:189 - "D:/Computation-2/Work_Folder_Mips/mMips/mmips_3_LAB2_path/workspace/../verilog/mmips.v" Line 261: Size mismatch in connection of port <sel>. Formal port size is 2-bit while actual signal size is 1-bit.
WARNING:HDLCompiler:189 - "D:/Computation-2/Work_Folder_Mips/mMips/mmips_3_LAB2_path/workspace/../verilog/mmips.v" Line 262: Size mismatch in connection of port <out>. Formal port size is 32-bit while actual signal size is 1-bit.
WARNING:HDLCompiler:189 - "D:/Computation-2/Work_Folder_Mips/mMips/mmips_3_LAB2_path/workspace/../verilog/mmips.v" Line 270: Size mismatch in connection of port <sel>. Formal port size is 2-bit while actual signal size is 1-bit.
WARNING:HDLCompiler:189 - "D:/Computation-2/Work_Folder_Mips/mMips/mmips_3_LAB2_path/workspace/../verilog/mmips.v" Line 271: Size mismatch in connection of port <out>. Formal port size is 32-bit while actual signal size is 1-bit.
Completed static elaboration
Compiling module MUX2
Compiling module MUX3
Compiling module MUX3(WIDTH=5)
Compiling module MUX4
Compiling module DECODER
Compiling module CTRL
Compiling module SHIFTLEFT
Compiling module SIGNEXTEND_BYTE
Compiling module IMM2WORD
Compiling module ALUCTRL
Compiling module ALU
Compiling module REGFILE16
Compiling module ADD
Compiling module BRANCH_CTRL
Compiling module HAZARD_CTRL
Compiling module HAZARD
Compiling module REGISTER
Compiling module REGISTER(WIDTH=5)
Compiling module REGISTER(WIDTH=6)
Compiling module REGISTER(WIDTH=1)
Compiling module REGISTER(WIDTH=2)
Compiling module MEMDEV
Compiling module mMIPS
Compiling module RAMB16BWER(DATA_WIDTH_A=36,INIT_...
Compiling module RAMB16BWER(DATA_WIDTH_A=36,INIT_...
Compiling module RAMB16BWER(DATA_WIDTH_A=36,INIT_...
Compiling module RAMB16BWER(DATA_WIDTH_A=36,INIT_...
Compiling module RAMB16BWER(DATA_WIDTH_A=36,INIT_...
Compiling module RAMB16BWER(DATA_WIDTH_A=36,INIT_...
Compiling module RAMB16BWER(DATA_WIDTH_A=36,INIT_...
Compiling module RAMB16BWER(DATA_WIDTH_A=36,INIT_...
Compiling module RAMB16BWER(DATA_WIDTH_A=36,INIT_...
Compiling module RAMB16BWER(DATA_WIDTH_A=36,INIT_...
Compiling module RAMB16BWER(DATA_WIDTH_A=36,INIT_...
Compiling module RAMB16BWER(DATA_WIDTH_A=36,INIT_...
Compiling module RAMB16BWER(DATA_WIDTH_A=36,INIT_...
Compiling module RAMB16BWER(DATA_WIDTH_A=36,INIT_...
Compiling module RAMB16BWER(DATA_WIDTH_A=36,INIT_...
Compiling module RAMB16BWER(DATA_WIDTH_A=36,INIT_...
Compiling module RAMB16BWER(DATA_WIDTH_A=36,INIT_...
Compiling module RAMB16BWER(DATA_WIDTH_A=36,INIT_...
Compiling module RAMB16BWER(DATA_WIDTH_A=36,INIT_...
Compiling module RAMB16BWER(DATA_WIDTH_A=36,INIT_...
Compiling module RAMB16BWER(DATA_WIDTH_A=36,INIT_...
Compiling module RAMB16BWER(DATA_WIDTH_A=36,INIT_...
Compiling module RAMB16BWER(DATA_WIDTH_A=36,INIT_...
Compiling module RAMB16BWER(DATA_WIDTH_A=36,INIT_...
Compiling module RAMB16BWER(DATA_WIDTH_A=36,INIT_...
Compiling module RAMB16BWER(DATA_WIDTH_A=36,INIT_...
Compiling module RAMB16BWER(DATA_WIDTH_A=36,INIT_...
Compiling module RAMB16BWER(DATA_WIDTH_A=36,INIT_...
Compiling module RAMB16BWER(DATA_WIDTH_A=36,INIT_...
Compiling module RAMB16BWER(DATA_WIDTH_A=36,INIT_...
Compiling module RAMB16BWER(DATA_WIDTH_A=36,INIT_...
Compiling module RAMB16BWER(DATA_WIDTH_A=36,INIT_...
Compiling module RAMB16BWER(DATA_WIDTH_A=36,INIT_...
Compiling module RAMB16BWER(DATA_WIDTH_A=36,INIT_...
Compiling module RAMB16BWER(DATA_WIDTH_A=36,INIT_...
Compiling module RAMB16BWER(DATA_WIDTH_A=36,INIT_...
Compiling module RAMB16BWER(DATA_WIDTH_A=36,INIT_...
Compiling module RAMB16BWER(DATA_WIDTH_A=36,INIT_...
Compiling module RAMB16BWER(DATA_WIDTH_A=36,INIT_...
Compiling module RAMB16BWER(DATA_WIDTH_A=36,INIT_...
Compiling module RAMB16BWER(DATA_WIDTH_A=36,INIT_...
Compiling module RAMB16BWER(DATA_WIDTH_A=36,INIT_...
Compiling module RAMB16BWER(DATA_WIDTH_A=36,INIT_...
Compiling module RAMB16BWER(DATA_WIDTH_A=36,INIT_...
Compiling module RAMB16BWER(DATA_WIDTH_A=36,INIT_...
Compiling module RAMB16BWER(DATA_WIDTH_A=36,INIT_...
Compiling module RAMB16BWER(DATA_WIDTH_A=36,INIT_...
Compiling module RAMB16BWER(DATA_WIDTH_A=36,INIT_...
Compiling module RAMB16BWER(DATA_WIDTH_A=36,INIT_...
Compiling module RAMB16BWER(DATA_WIDTH_A=36,INIT_...
Compiling module RAMB16BWER(DATA_WIDTH_A=36,INIT_...
Compiling module RAMB16BWER(DATA_WIDTH_A=36,INIT_...
Compiling module RAMB16BWER(DATA_WIDTH_A=36,INIT_...
Compiling module RAMB16BWER(DATA_WIDTH_A=36,INIT_...
Compiling module RAMB16BWER(DATA_WIDTH_A=36,INIT_...
Compiling module RAMB16BWER(DATA_WIDTH_A=36,INIT_...
Compiling module RAMB16BWER(DATA_WIDTH_A=36,INIT_...
Compiling module RAMB16BWER(DATA_WIDTH_A=36,INIT_...
Compiling module RAMB16BWER(DATA_WIDTH_A=36,INIT_...
Compiling module RAMB16BWER(DATA_WIDTH_A=36,INIT_...
Compiling module RAMB16BWER(DATA_WIDTH_A=36,INIT_...
Compiling module RAMB16BWER(DATA_WIDTH_A=36,INIT_...
Compiling module RAMB16BWER(DATA_WIDTH_A=36,INIT_...
Compiling module RAMB16BWER(DATA_WIDTH_A=36,INIT_...
Compiling module ram
Compiling module RAMB16BWER(DATA_WIDTH_A=36,INIT_...
Compiling module RAMB16BWER(DATA_WIDTH_A=36,INIT_...
Compiling module RAMB16BWER(DATA_WIDTH_A=36,INIT_...
Compiling module RAMB16BWER(DATA_WIDTH_A=36,INIT_...
Compiling module RAMB16BWER(DATA_WIDTH_A=36,INIT_...
Compiling module RAMB16BWER(DATA_WIDTH_A=36,INIT_...
Compiling module RAMB16BWER(DATA_WIDTH_A=36,INIT_...
Compiling module RAMB16BWER(DATA_WIDTH_A=36,INIT_...
Compiling module RAMB16BWER(DATA_WIDTH_A=36,INIT_...
Compiling module RAMB16BWER(DATA_WIDTH_A=36,INIT_...
Compiling module RAMB16BWER(DATA_WIDTH_A=36,INIT_...
Compiling module RAMB16BWER(DATA_WIDTH_A=36,INIT_...
Compiling module RAMB16BWER(DATA_WIDTH_A=36,INIT_...
Compiling module RAMB16BWER(DATA_WIDTH_A=36,INIT_...
Compiling module RAMB16BWER(DATA_WIDTH_A=36,INIT_...
Compiling module RAMB16BWER(DATA_WIDTH_A=36,INIT_...
Compiling module RAMB16BWER(DATA_WIDTH_A=36,INIT_...
Compiling module RAMB16BWER(DATA_WIDTH_A=36,INIT_...
Compiling module RAMB16BWER(DATA_WIDTH_A=36,INIT_...
Compiling module RAMB16BWER(DATA_WIDTH_A=36,INIT_...
Compiling module RAMB16BWER(DATA_WIDTH_A=36,INIT_...
Compiling module RAMB16BWER(DATA_WIDTH_A=36,INIT_...
Compiling module RAMB16BWER(DATA_WIDTH_A=36,INIT_...
Compiling module RAMB16BWER(DATA_WIDTH_A=36,INIT_...
Compiling module RAMB16BWER(DATA_WIDTH_A=36,INIT_...
Compiling module RAMB16BWER(DATA_WIDTH_A=36,INIT_...
Compiling module RAMB16BWER(DATA_WIDTH_A=36,INIT_...
Compiling module RAMB16BWER(DATA_WIDTH_A=36,INIT_...
Compiling module RAMB16BWER(DATA_WIDTH_A=36,INIT_...
Compiling module RAMB16BWER(DATA_WIDTH_A=36,INIT_...
Compiling module RAMB16BWER(DATA_WIDTH_A=36,INIT_...
Compiling module RAMB16BWER(DATA_WIDTH_A=36,INIT_...
Compiling module RAMB16BWER(DATA_WIDTH_A=36,INIT_...
Compiling module RAMB16BWER(DATA_WIDTH_A=36,INIT_...
Compiling module RAMB16BWER(DATA_WIDTH_A=36,INIT_...
Compiling module RAMB16BWER(DATA_WIDTH_A=36,INIT_...
Compiling module RAMB16BWER(DATA_WIDTH_A=36,INIT_...
Compiling module RAMB16BWER(DATA_WIDTH_A=36,INIT_...
Compiling module RAMB16BWER(DATA_WIDTH_A=36,INIT_...
Compiling module RAMB16BWER(DATA_WIDTH_A=36,INIT_...
Compiling module RAMB16BWER(DATA_WIDTH_A=36,INIT_...
Compiling module RAMB16BWER(DATA_WIDTH_A=36,INIT_...
Compiling module RAMB16BWER(DATA_WIDTH_A=36,INIT_...
Compiling module RAMB16BWER(DATA_WIDTH_A=36,INIT_...
Compiling module RAMB16BWER(DATA_WIDTH_A=36,INIT_...
Compiling module RAMB16BWER(DATA_WIDTH_A=36,INIT_...
Compiling module RAMB16BWER(DATA_WIDTH_A=36,INIT_...
Compiling module RAMB16BWER(DATA_WIDTH_A=36,INIT_...
Compiling module rom(ROM_BRAM=48)
Compiling module mMIPS_sim
Compiling module testbench
Compiling module glbl
Time Resolution for simulation is 1ps.
Waiting for 51 sub-compilation(s) to finish...
Compiled 140 Verilog Units
Built simulation executable D:/Computation-2/Work_Folder_Mips/mMips/mmips_3_LAB2_path/workspace/testbench_isim_beh.exe
Fuse Memory Usage: 164584 KB
Fuse CPU Usage: 47983 ms
